  BoundingAABB.cpp
  BoundingOOBB.cpp
  BoundingSphere.cpp
  BoundingVolume.cpp
  CollisionDetection.cpp
  Debug.cpp
  GameClient.cpp
  GameObject.cpp
  GameServer.cpp
  GameWorld.cpp
  NavigationGrid.cpp
C:\Users\Admin\Downloads\CSC8503 2019 Download(1)\CSC8503\CSC8503Common\NavigationGrid.cpp(83,22): warning C4244:  '=': conversion from 'float' to 'int', possible loss of data
C:\Users\Admin\Downloads\CSC8503 2019 Download(1)\CSC8503\CSC8503Common\NavigationGrid.cpp(84,19): warning C4244:  '=': conversion from 'float' to 'int', possible loss of data
C:\Users\Admin\Downloads\CSC8503 2019 Download(1)\CSC8503\CSC8503Common\NavigationGrid.cpp(87,17): warning C4244:  '=': conversion from 'float' to 'int', possible loss of data
C:\Users\Admin\Downloads\CSC8503 2019 Download(1)\CSC8503\CSC8503Common\NavigationGrid.cpp(88,15): warning C4244:  '=': conversion from 'float' to 'int', possible loss of data
C:\Users\Admin\Downloads\CSC8503 2019 Download(1)\CSC8503\CSC8503Common\NavigationGrid.cpp(91,10): warning C4244:  'initializing': conversion from 'float' to 'int', possible loss of data
  NavigationMesh.cpp
  NetworkBase.cpp
  NetworkObject.cpp
  NetworkState.cpp
  PhysicsObject.cpp
  PhysicsSystem.cpp
  PositionConstraint.cpp
  PushdownMachine.cpp
  PushdownState.cpp
  Generating Code...
  Compiling...
  QuadTree.cpp
  RenderObject.cpp
  StateMachine.cpp
  StateTransition.cpp
  Transform.cpp
  Generating Code...
C:\Users\Admin\Downloads\CSC8503 2019 Download(1)\CSC8503\CSC8503Common\NavigationGrid.cpp(92,10): warning C4244:  'initializing': conversion from 'float' to 'int', possible loss of data
  CSC8503Common.vcxproj -> C:\Users\Admin\Downloads\CSC8503 2019 Download(1)\Win32\Debug\CSC8503Common.lib
